Assignment5/Assignment 5 - GizmoCityApp/Assignment 3 - GizmoCityApp/Sudokuv11/app/build/outputs/logs/manifest-merger-debug-report.txt
-- Merging decision tree log ---
manifest
ADDED from AndroidManifest.xml:10:1
	xmlns:android
		ADDED from AndroidManifest.xml:10:11
	package
		ADDED from AndroidManifest.xml:11:5
		INJECTED from AndroidManifest.xml:0:0
		INJECTED from AndroidManifest.xml:0:0
	android:versionName
		ADDED from AndroidManifest.xml:13:5
	android:versionCode
		ADDED from AndroidManifest.xml:12:5
		INJECTED from AndroidManifest.xml:0:0
		INJECTED from AndroidManifest.xml:0:0
uses-sdk
ADDED from AndroidManifest.xml:17:5
	android:targetSdkVersion
		ADDED from AndroidManifest.xml:19:9
		INJECTED from AndroidManifest.xml:0:0
		INJECTED from AndroidManifest.xml:0:0
	android:minSdkVersion
		ADDED from AndroidManifest.xml:18:9
		INJECTED from AndroidManifest.xml:0:0
		INJECTED from AndroidManifest.xml:0:0
android:uses-permission#android.permission.WRITE_EXTERNAL_STORAGE
ADDED from AndroidManifest.xml:21:5
	android:maxSdkVersion
		ADDED from AndroidManifest.xml:23:9
	android:name
		ADDED from AndroidManifest.xml:22:9
android:uses-permission#android.permission.READ_PHONE_STATE
ADDED from AndroidManifest.xml:24:5
	android:name
		ADDED from AndroidManifest.xml:25:9
android:uses-permission#android.permission.READ_EXTERNAL_STORAGE
ADDED from AndroidManifest.xml:26:5
	android:maxSdkVersion
		ADDED from AndroidManifest.xml:28:9
	android:name
		ADDED from AndroidManifest.xml:27:9
application
ADDED from AndroidManifest.xml:31:5
	android:label
		ADDED from AndroidManifest.xml:33:9
	android:icon
		ADDED from AndroidManifest.xml:32:9
	android:theme
		ADDED from AndroidManifest.xml:34:9
activity#org.example.sudoku.Sudoku
ADDED from AndroidManifest.xml:35:9
	android:label
		ADDED from AndroidManifest.xml:37:13
	android:theme
		ADDED from AndroidManifest.xml:38:13
	android:name
		ADDED from AndroidManifest.xml:36:13
intent-filter#android.intent.action.MAIN+android.intent.category.LAUNCHER
ADDED from AndroidManifest.xml:39:13
action#android.intent.action.MAIN
ADDED from AndroidManifest.xml:40:17
	android:name
		ADDED from AndroidManifest.xml:40:25
category#android.intent.category.LAUNCHER
ADDED from AndroidManifest.xml:42:17
	android:name
		ADDED from AndroidManifest.xml:42:27
activity#org.example.sudoku.Waves
ADDED from AndroidManifest.xml:45:9
	android:label
		ADDED from AndroidManifest.xml:47:13
	android:theme
		ADDED from AndroidManifest.xml:48:13
	android:name
		ADDED from AndroidManifest.xml:46:13
activity#org.example.sudoku.Puzzles
ADDED from AndroidManifest.xml:50:9
	android:label
		ADDED from AndroidManifest.xml:51:13
	android:theme
		ADDED from AndroidManifest.xml:52:13
	android:name
		ADDED from AndroidManifest.xml:50:19
activity#org.example.sudoku.Prefs
ADDED from AndroidManifest.xml:54:9
	android:label
		ADDED from AndroidManifest.xml:55:13
	android:theme
		ADDED from AndroidManifest.xml:56:13
	android:name
		ADDED from AndroidManifest.xml:54:19
activity#org.example.sudoku.Physics
ADDED from AndroidManifest.xml:58:9
	android:label
		ADDED from AndroidManifest.xml:59:13
	android:theme
		ADDED from AndroidManifest.xml:60:13
	android:name
		ADDED from AndroidManifest.xml:58:19
activity#org.example.sudoku.InformationActivity
ADDED from AndroidManifest.xml:62:9
	android:label
		ADDED from AndroidManifest.xml:64:13
	android:name
		ADDED from AndroidManifest.xml:63:13
activity#org.example.sudoku.GreenTandSixTriangles
ADDED from AndroidManifest.xml:68:9
	android:label
		ADDED from AndroidManifest.xml:69:13
	android:theme
		ADDED from AndroidManifest.xml:70:13
	android:name
		ADDED from AndroidManifest.xml:68:19
activity#org.example.sudoku.GreenT
ADDED from AndroidManifest.xml:72:9
	android:label
		ADDED from AndroidManifest.xml:73:13
	android:theme
		ADDED from AndroidManifest.xml:74:13
	android:name
		ADDED from AndroidManifest.xml:72:19
activity#org.example.sudoku.GreenTFirstHint
ADDED from AndroidManifest.xml:76:9
	android:label
		ADDED from AndroidManifest.xml:77:13
	android:theme
		ADDED from AndroidManifest.xml:78:13
	android:name
		ADDED from AndroidManifest.xml:76:19
activity#org.example.sudoku.Technology
ADDED from AndroidManifest.xml:80:9
	android:label
		ADDED from AndroidManifest.xml:81:13
	android:theme
		ADDED from AndroidManifest.xml:82:13
	android:name
		ADDED from AndroidManifest.xml:80:19